--------------------------------------------------------------------------------
Release 14.7 Trace  (nt)
Copyright (c) 1995-2013 Xilinx, Inc.  All rights reserved.

C:\Xilinx\14.7\ISE_DS\ISE\bin\nt\unwrapped\trce.exe -ise craps0.ise -intstyle
ise -l 3 -s 5 -xml craps0 craps0.ncd -o craps0.twr craps0.pcf -ucf Nexys.ucf

Design file:              craps0.ncd
Physical constraint file: craps0.pcf
Device,package,speed:     xc3s1200e,fg320,-5 (PRODUCTION 1.27 2013-10-13)
Report level:             summary report, limited to 0 items per constraint

Environment Variable      Effect 
--------------------      ------ 
NONE                      No environment variables were set
--------------------------------------------------------------------------------

INFO:Timing:2698 - No timing constraints found, doing default enumeration.
INFO:Timing:3412 - To improve timing, see the Timing Closure User Guide (UG612).
INFO:Timing:2752 - To get complete path coverage, use the unconstrained paths 
   option. All paths that are not constrained will be reported in the 
   unconstrained paths section(s) of the report.
INFO:Timing:3339 - The clock-to-out numbers in this timing report are based on 
   a 50 Ohm transmission line loading model.  For the details of this model, 
   and for more information on accounting for different loading conditions, 
   please see the device datasheet.
INFO:Timing:3390 - This architecture does not support a default System Jitter 
   value, please add SYSTEM_JITTER constraint to the UCF to modify the Clock 
   Uncertainty calculation.
INFO:Timing:3389 - This architecture does not support 'Discrete Jitter' and 
   'Phase Error' calculations, these terms will be zero in the Clock 
   Uncertainty calculation.  Please make appropriate modification to 
   SYSTEM_JITTER to account for the unsupported Discrete Jitter and Phase 
   Error.

Data Sheet report:
-----------------
All values displayed in nanoseconds (ns)

Setup/Hold to clock mclk
------------+------------+------------+------------------+--------+
            |Max Setup to|Max Hold to |                  | Clock  |
Source      | clk (edge) | clk (edge) |Internal Clock(s) | Phase  |
------------+------------+------------+------------------+--------+
astb        |    3.920(R)|    0.539(R)|mclk_BUFGP        |   0.000|
dstb        |    3.387(R)|    0.509(R)|mclk_BUFGP        |   0.000|
pdb<0>      |    2.555(R)|    0.404(R)|mclk_BUFGP        |   0.000|
pdb<1>      |    2.578(R)|    0.747(R)|mclk_BUFGP        |   0.000|
pdb<2>      |    2.578(R)|    1.050(R)|mclk_BUFGP        |   0.000|
pdb<3>      |    2.611(R)|    1.164(R)|mclk_BUFGP        |   0.000|
pdb<4>      |    2.607(R)|    0.889(R)|mclk_BUFGP        |   0.000|
pdb<5>      |    2.613(R)|    1.081(R)|mclk_BUFGP        |   0.000|
pdb<6>      |    2.593(R)|    0.943(R)|mclk_BUFGP        |   0.000|
pdb<7>      |    2.593(R)|    0.916(R)|mclk_BUFGP        |   0.000|
pwr         |    3.436(R)|    0.441(R)|mclk_BUFGP        |   0.000|
------------+------------+------------+------------------+--------+

Clock mclk to Pad
------------+------------+------------------+--------+
            | clk (edge) |                  | Clock  |
Destination |   to PAD   |Internal Clock(s) | Phase  |
------------+------------+------------------+--------+
pdb<0>      |   11.562(R)|mclk_BUFGP        |   0.000|
pdb<1>      |   12.147(R)|mclk_BUFGP        |   0.000|
pdb<2>      |   12.293(R)|mclk_BUFGP        |   0.000|
pdb<3>      |   11.479(R)|mclk_BUFGP        |   0.000|
pdb<4>      |   12.387(R)|mclk_BUFGP        |   0.000|
pdb<5>      |   11.402(R)|mclk_BUFGP        |   0.000|
pdb<6>      |   11.342(R)|mclk_BUFGP        |   0.000|
pdb<7>      |   11.705(R)|mclk_BUFGP        |   0.000|
pwait       |    8.413(R)|mclk_BUFGP        |   0.000|
------------+------------+------------------+--------+

Clock to Setup on destination clock mclk
---------------+---------+---------+---------+---------+
               | Src:Rise| Src:Fall| Src:Rise| Src:Fall|
Source Clock   |Dest:Rise|Dest:Rise|Dest:Fall|Dest:Fall|
---------------+---------+---------+---------+---------+
mclk           |    5.298|         |         |         |
---------------+---------+---------+---------+---------+

Pad to Pad
---------------+---------------+---------+
Source Pad     |Destination Pad|  Delay  |
---------------+---------------+---------+
astb           |pdb<0>         |    9.706|
astb           |pdb<1>         |    9.606|
astb           |pdb<2>         |    9.757|
astb           |pdb<3>         |    9.046|
astb           |pdb<4>         |    9.611|
astb           |pdb<5>         |    9.600|
astb           |pdb<6>         |    9.447|
astb           |pdb<7>         |    9.868|
btn<0>         |pdb<5>         |    8.914|
pwr            |pdb<0>         |    6.801|
pwr            |pdb<1>         |    6.746|
pwr            |pdb<2>         |    6.693|
pwr            |pdb<3>         |    6.200|
pwr            |pdb<4>         |    6.771|
pwr            |pdb<5>         |    6.794|
pwr            |pdb<6>         |    7.257|
pwr            |pdb<7>         |    7.508|
sw<0>          |pdb<0>         |   13.269|
sw<1>          |pdb<1>         |   13.385|
sw<2>          |pdb<2>         |   14.266|
sw<3>          |pdb<3>         |   14.038|
sw<4>          |pdb<4>         |   14.950|
sw<5>          |pdb<5>         |   14.214|
sw<6>          |pdb<6>         |   13.972|
sw<7>          |pdb<7>         |   13.969|
---------------+---------------+---------+


Analysis completed Tue Dec 16 16:46:07 2014 
--------------------------------------------------------------------------------

Trace Settings:
-------------------------
Trace Settings 

Peak Memory Usage: 180 MB



