This is pdfTeX, Version 3.14159265-2.6-1.40.15 (TeX Live 2015/dev/Debian) (preloaded format=pdflatex 2016.1.12)  18 JUN 2016 20:57
entering extended mode
 restricted \write18 enabled.
 %&-line parsing enabled.
**rapport.tex
(./rapport.tex
LaTeX2e <2014/05/01>
Babel <3.9l> and hyphenation patterns for 6 languages loaded.
(/usr/share/texlive/texmf-dist/tex/latex/base/article.cls
Document Class: article 2014/09/29 v1.4h Standard LaTeX document class
(/usr/share/texlive/texmf-dist/tex/latex/base/size10.clo
File: size10.clo 2014/09/29 v1.4h Standard LaTeX file (size option)
)
\c@part=\count79
\c@section=\count80
\c@subsection=\count81
\c@subsubsection=\count82
\c@paragraph=\count83
\c@subparagraph=\count84
\c@figure=\count85
\c@table=\count86
\abovecaptionskip=\skip41
\belowcaptionskip=\skip42
\bibindent=\dimen102
)
(/usr/share/texlive/texmf-dist/tex/latex/base/inputenc.sty
Package: inputenc 2014/04/30 v1.2b Input encoding file
\inpenc@prehook=\toks14
\inpenc@posthook=\toks15

(/usr/share/texlive/texmf-dist/tex/latex/base/utf8.def
File: utf8.def 2014/09/29 v1.1m UTF-8 support for inputenc
Now handling font encoding OML ...
... no UTF-8 mapping file for font encoding OML
Now handling font encoding T1 ...
... processing UTF-8 mapping file for font encoding T1

(/usr/share/texlive/texmf-dist/tex/latex/base/t1enc.dfu
File: t1enc.dfu 2014/09/29 v1.1m UTF-8 support for inputenc
   defining Unicode char U+00A1 (decimal 161)
   defining Unicode char U+00A3 (decimal 163)
   defining Unicode char U+00AB (decimal 171)
   defining Unicode char U+00BB (decimal 187)
   defining Unicode char U+00BF (decimal 191)
   defining Unicode char U+00C0 (decimal 192)
   defining Unicode char U+00C1 (decimal 193)
   defining Unicode char U+00C2 (decimal 194)
   defining Unicode char U+00C3 (decimal 195)
   defining Unicode char U+00C4 (decimal 196)
   defining Unicode char U+00C5 (decimal 197)
   defining Unicode char U+00C6 (decimal 198)
   defining Unicode char U+00C7 (decimal 199)
   defining Unicode char U+00C8 (decimal 200)
   defining Unicode char U+00C9 (decimal 201)
   defining Unicode char U+00CA (decimal 202)
   defining Unicode char U+00CB (decimal 203)
   defining Unicode char U+00CC (decimal 204)
   defining Unicode char U+00CD (decimal 205)
   defining Unicode char U+00CE (decimal 206)
   defining Unicode char U+00CF (decimal 207)
   defining Unicode char U+00D0 (decimal 208)
   defining Unicode char U+00D1 (decimal 209)
   defining Unicode char U+00D2 (decimal 210)
   defining Unicode char U+00D3 (decimal 211)
   defining Unicode char U+00D4 (decimal 212)
   defining Unicode char U+00D5 (decimal 213)
   defining Unicode char U+00D6 (decimal 214)
   defining Unicode char U+00D8 (decimal 216)
   defining Unicode char U+00D9 (decimal 217)
   defining Unicode char U+00DA (decimal 218)
   defining Unicode char U+00DB (decimal 219)
   defining Unicode char U+00DC (decimal 220)
   defining Unicode char U+00DD (decimal 221)
   defining Unicode char U+00DE (decimal 222)
   defining Unicode char U+00DF (decimal 223)
   defining Unicode char U+00E0 (decimal 224)
   defining Unicode char U+00E1 (decimal 225)
   defining Unicode char U+00E2 (decimal 226)
   defining Unicode char U+00E3 (decimal 227)
   defining Unicode char U+00E4 (decimal 228)
   defining Unicode char U+00E5 (decimal 229)
   defining Unicode char U+00E6 (decimal 230)
   defining Unicode char U+00E7 (decimal 231)
   defining Unicode char U+00E8 (decimal 232)
   defining Unicode char U+00E9 (decimal 233)
   defining Unicode char U+00EA (decimal 234)
   defining Unicode char U+00EB (decimal 235)
   defining Unicode char U+00EC (decimal 236)
   defining Unicode char U+00ED (decimal 237)
   defining Unicode char U+00EE (decimal 238)
   defining Unicode char U+00EF (decimal 239)
   defining Unicode char U+00F0 (decimal 240)
   defining Unicode char U+00F1 (decimal 241)
   defining Unicode char U+00F2 (decimal 242)
   defining Unicode char U+00F3 (decimal 243)
   defining Unicode char U+00F4 (decimal 244)
   defining Unicode char U+00F5 (decimal 245)
   defining Unicode char U+00F6 (decimal 246)
   defining Unicode char U+00F8 (decimal 248)
   defining Unicode char U+00F9 (decimal 249)
   defining Unicode char U+00FA (decimal 250)
   defining Unicode char U+00FB (decimal 251)
   defining Unicode char U+00FC (decimal 252)
   defining Unicode char U+00FD (decimal 253)
   defining Unicode char U+00FE (decimal 254)
   defining Unicode char U+00FF (decimal 255)
   defining Unicode char U+0102 (decimal 258)
   defining Unicode char U+0103 (decimal 259)
   defining Unicode char U+0104 (decimal 260)
   defining Unicode char U+0105 (decimal 261)
   defining Unicode char U+0106 (decimal 262)
   defining Unicode char U+0107 (decimal 263)
   defining Unicode char U+010C (decimal 268)
   defining Unicode char U+010D (decimal 269)
   defining Unicode char U+010E (decimal 270)
   defining Unicode char U+010F (decimal 271)
   defining Unicode char U+0110 (decimal 272)
   defining Unicode char U+0111 (decimal 273)
   defining Unicode char U+0118 (decimal 280)
   defining Unicode char U+0119 (decimal 281)
   defining Unicode char U+011A (decimal 282)
   defining Unicode char U+011B (decimal 283)
   defining Unicode char U+011E (decimal 286)
   defining Unicode char U+011F (decimal 287)
   defining Unicode char U+0130 (decimal 304)
   defining Unicode char U+0131 (decimal 305)
   defining Unicode char U+0132 (decimal 306)
   defining Unicode char U+0133 (decimal 307)
   defining Unicode char U+0139 (decimal 313)
   defining Unicode char U+013A (decimal 314)
   defining Unicode char U+013D (decimal 317)
   defining Unicode char U+013E (decimal 318)
   defining Unicode char U+0141 (decimal 321)
   defining Unicode char U+0142 (decimal 322)
   defining Unicode char U+0143 (decimal 323)
   defining Unicode char U+0144 (decimal 324)
   defining Unicode char U+0147 (decimal 327)
   defining Unicode char U+0148 (decimal 328)
   defining Unicode char U+014A (decimal 330)
   defining Unicode char U+014B (decimal 331)
   defining Unicode char U+0150 (decimal 336)
   defining Unicode char U+0151 (decimal 337)
   defining Unicode char U+0152 (decimal 338)
   defining Unicode char U+0153 (decimal 339)
   defining Unicode char U+0154 (decimal 340)
   defining Unicode char U+0155 (decimal 341)
   defining Unicode char U+0158 (decimal 344)
   defining Unicode char U+0159 (decimal 345)
   defining Unicode char U+015A (decimal 346)
   defining Unicode char U+015B (decimal 347)
   defining Unicode char U+015E (decimal 350)
   defining Unicode char U+015F (decimal 351)
   defining Unicode char U+0160 (decimal 352)
   defining Unicode char U+0161 (decimal 353)
   defining Unicode char U+0162 (decimal 354)
   defining Unicode char U+0163 (decimal 355)
   defining Unicode char U+0164 (decimal 356)
   defining Unicode char U+0165 (decimal 357)
   defining Unicode char U+016E (decimal 366)
   defining Unicode char U+016F (decimal 367)
   defining Unicode char U+0170 (decimal 368)
   defining Unicode char U+0171 (decimal 369)
   defining Unicode char U+0178 (decimal 376)
   defining Unicode char U+0179 (decimal 377)
   defining Unicode char U+017A (decimal 378)
   defining Unicode char U+017B (decimal 379)
   defining Unicode char U+017C (decimal 380)
   defining Unicode char U+017D (decimal 381)
   defining Unicode char U+017E (decimal 382)
   defining Unicode char U+200C (decimal 8204)
   defining Unicode char U+2013 (decimal 8211)
   defining Unicode char U+2014 (decimal 8212)
   defining Unicode char U+2018 (decimal 8216)
   defining Unicode char U+2019 (decimal 8217)
   defining Unicode char U+201A (decimal 8218)
   defining Unicode char U+201C (decimal 8220)
   defining Unicode char U+201D (decimal 8221)
   defining Unicode char U+201E (decimal 8222)
   defining Unicode char U+2030 (decimal 8240)
   defining Unicode char U+2031 (decimal 8241)
   defining Unicode char U+2039 (decimal 8249)
   defining Unicode char U+203A (decimal 8250)
   defining Unicode char U+2423 (decimal 9251)
)
Now handling font encoding OT1 ...
... processing UTF-8 mapping file for font encoding OT1

(/usr/share/texlive/texmf-dist/tex/latex/base/ot1enc.dfu
File: ot1enc.dfu 2014/09/29 v1.1m UTF-8 support for inputenc
   defining Unicode char U+00A1 (decimal 161)
   defining Unicode char U+00A3 (decimal 163)
   defining Unicode char U+00B8 (decimal 184)
   defining Unicode char U+00BF (decimal 191)
   defining Unicode char U+00C5 (decimal 197)
   defining Unicode char U+00C6 (decimal 198)
   defining Unicode char U+00D8 (decimal 216)
   defining Unicode char U+00DF (decimal 223)
   defining Unicode char U+00E6 (decimal 230)
   defining Unicode char U+00EC (decimal 236)
   defining Unicode char U+00ED (decimal 237)
   defining Unicode char U+00EE (decimal 238)
   defining Unicode char U+00EF (decimal 239)
   defining Unicode char U+00F8 (decimal 248)
   defining Unicode char U+0131 (decimal 305)
   defining Unicode char U+0141 (decimal 321)
   defining Unicode char U+0142 (decimal 322)
   defining Unicode char U+0152 (decimal 338)
   defining Unicode char U+0153 (decimal 339)
   defining Unicode char U+2013 (decimal 8211)
   defining Unicode char U+2014 (decimal 8212)
   defining Unicode char U+2018 (decimal 8216)
   defining Unicode char U+2019 (decimal 8217)
   defining Unicode char U+201C (decimal 8220)
   defining Unicode char U+201D (decimal 8221)
)
Now handling font encoding OMS ...
... processing UTF-8 mapping file for font encoding OMS

(/usr/share/texlive/texmf-dist/tex/latex/base/omsenc.dfu
File: omsenc.dfu 2014/09/29 v1.1m UTF-8 support for inputenc
   defining Unicode char U+00A7 (decimal 167)
   defining Unicode char U+00B6 (decimal 182)
   defining Unicode char U+00B7 (decimal 183)
   defining Unicode char U+2020 (decimal 8224)
   defining Unicode char U+2021 (decimal 8225)
   defining Unicode char U+2022 (decimal 8226)
)
Now handling font encoding OMX ...
... no UTF-8 mapping file for font encoding OMX
Now handling font encoding U ...
... no UTF-8 mapping file for font encoding U
   defining Unicode char U+00A9 (decimal 169)
   defining Unicode char U+00AA (decimal 170)
   defining Unicode char U+00AE (decimal 174)
   defining Unicode char U+00BA (decimal 186)
   defining Unicode char U+02C6 (decimal 710)
   defining Unicode char U+02DC (decimal 732)
   defining Unicode char U+200C (decimal 8204)
   defining Unicode char U+2026 (decimal 8230)
   defining Unicode char U+2122 (decimal 8482)
   defining Unicode char U+2423 (decimal 9251)
))
(/usr/share/texlive/texmf-dist/tex/latex/base/fontenc.sty
Package: fontenc 2005/09/27 v1.99g Standard LaTeX package

(/usr/share/texlive/texmf-dist/tex/latex/base/t1enc.def
File: t1enc.def 2005/09/27 v1.99g Standard LaTeX file
LaTeX Font Info:    Redeclaring font encoding T1 on input line 43.
))
(/usr/share/texmf/tex/latex/lm/lmodern.sty
Package: lmodern 2009/10/30 v1.6 Latin Modern Fonts
LaTeX Font Info:    Overwriting symbol font `operators' in version `normal'
(Font)                  OT1/cmr/m/n --> OT1/lmr/m/n on input line 22.
LaTeX Font Info:    Overwriting symbol font `letters' in version `normal'
(Font)                  OML/cmm/m/it --> OML/lmm/m/it on input line 23.
LaTeX Font Info:    Overwriting symbol font `symbols' in version `normal'
(Font)                  OMS/cmsy/m/n --> OMS/lmsy/m/n on input line 24.
LaTeX Font Info:    Overwriting symbol font `largesymbols' in version `normal'
(Font)                  OMX/cmex/m/n --> OMX/lmex/m/n on input line 25.
LaTeX Font Info:    Overwriting symbol font `operators' in version `bold'
(Font)                  OT1/cmr/bx/n --> OT1/lmr/bx/n on input line 26.
LaTeX Font Info:    Overwriting symbol font `letters' in version `bold'
(Font)                  OML/cmm/b/it --> OML/lmm/b/it on input line 27.
LaTeX Font Info:    Overwriting symbol font `symbols' in version `bold'
(Font)                  OMS/cmsy/b/n --> OMS/lmsy/b/n on input line 28.
LaTeX Font Info:    Overwriting symbol font `largesymbols' in version `bold'
(Font)                  OMX/cmex/m/n --> OMX/lmex/m/n on input line 29.
LaTeX Font Info:    Overwriting math alphabet `\mathbf' in version `normal'
(Font)                  OT1/cmr/bx/n --> OT1/lmr/bx/n on input line 31.
LaTeX Font Info:    Overwriting math alphabet `\mathsf' in version `normal'
(Font)                  OT1/cmss/m/n --> OT1/lmss/m/n on input line 32.
LaTeX Font Info:    Overwriting math alphabet `\mathit' in version `normal'
(Font)                  OT1/cmr/m/it --> OT1/lmr/m/it on input line 33.
LaTeX Font Info:    Overwriting math alphabet `\mathtt' in version `normal'
(Font)                  OT1/cmtt/m/n --> OT1/lmtt/m/n on input line 34.
LaTeX Font Info:    Overwriting math alphabet `\mathbf' in version `bold'
(Font)                  OT1/cmr/bx/n --> OT1/lmr/bx/n on input line 35.
LaTeX Font Info:    Overwriting math alphabet `\mathsf' in version `bold'
(Font)                  OT1/cmss/bx/n --> OT1/lmss/bx/n on input line 36.
LaTeX Font Info:    Overwriting math alphabet `\mathit' in version `bold'
(Font)                  OT1/cmr/bx/it --> OT1/lmr/bx/it on input line 37.
LaTeX Font Info:    Overwriting math alphabet `\mathtt' in version `bold'
(Font)                  OT1/cmtt/m/n --> OT1/lmtt/m/n on input line 38.
)
(/usr/share/texlive/texmf-dist/tex/generic/babel/babel.sty
Package: babel 2014/09/25 3.9l The Babel package

(/usr/share/texlive/texmf-dist/tex/generic/babel-french/frenchb.ldf
Language: frenchb 2014/09/16 v3.1b French support from the babel system

(/usr/share/texlive/texmf-dist/tex/generic/babel/babel.def
File: babel.def 2014/09/25 3.9l Babel common definitions
\babel@savecnt=\count87
\U@D=\dimen103
)
\l@acadian = a dialect from \language\l@french 
\l@canadien = a dialect from \language\l@french 
\FBcolonskip=\skip43
\FBthinskip=\skip44
\FB@interchartokenstateORI=\count88
Package babel Info: Making : an active character on input line 371.
Package babel Info: Making ; an active character on input line 372.
Package babel Info: Making ! an active character on input line 373.
Package babel Info: Making ? an active character on input line 374.
\FBguillskip=\skip45
\FBguill@level=\count89
\FB@Mht=\dimen104
\std@mcc=\count90
\dec@mcc=\count91
\listindentFB=\skip46
\labelwidthFB=\skip47
\leftmarginFB=\skip48
\parindentFFN=\dimen105
))
(/usr/share/texlive/texmf-dist/tex/latex/carlisle/scalefnt.sty)
(/usr/share/texlive/texmf-dist/tex/latex/graphics/keyval.sty
Package: keyval 2014/05/08 v1.15 key=value parser (DPC)
\KV@toks@=\toks16
)
(/usr/share/texlive/texmf-dist/tex/latex/graphics/graphicx.sty
Package: graphicx 2014/04/25 v1.0g Enhanced LaTeX Graphics (DPC,SPQR)

(/usr/share/texlive/texmf-dist/tex/latex/graphics/graphics.sty
Package: graphics 2009/02/05 v1.0o Standard LaTeX Graphics (DPC,SPQR)

(/usr/share/texlive/texmf-dist/tex/latex/graphics/trig.sty
Package: trig 1999/03/16 v1.09 sin cos tan (DPC)
)
(/usr/share/texlive/texmf-dist/tex/latex/latexconfig/graphics.cfg
File: graphics.cfg 2010/04/23 v1.9 graphics configuration of TeX Live
)
Package graphics Info: Driver file: pdftex.def on input line 91.

(/usr/share/texlive/texmf-dist/tex/latex/pdftex-def/pdftex.def
File: pdftex.def 2011/05/27 v0.06d Graphics/color for pdfTeX

(/usr/share/texlive/texmf-dist/tex/generic/oberdiek/infwarerr.sty
Package: infwarerr 2010/04/08 v1.3 Providing info/warning/error messages (HO)
)
(/usr/share/texlive/texmf-dist/tex/generic/oberdiek/ltxcmds.sty
Package: ltxcmds 2011/11/09 v1.22 LaTeX kernel commands for general use (HO)
)
\Gread@gobject=\count92
))
\Gin@req@height=\dimen106
\Gin@req@width=\dimen107
)
(/usr/share/texlive/texmf-dist/tex/latex/geometry/geometry.sty
Package: geometry 2010/09/12 v5.6 Page Geometry

(/usr/share/texlive/texmf-dist/tex/generic/oberdiek/ifpdf.sty
Package: ifpdf 2011/01/30 v2.3 Provides the ifpdf switch (HO)
Package ifpdf Info: pdfTeX in PDF mode is detected.
)
(/usr/share/texlive/texmf-dist/tex/generic/oberdiek/ifvtex.sty
Package: ifvtex 2010/03/01 v1.5 Detect VTeX and its facilities (HO)
Package ifvtex Info: VTeX not detected.
)
(/usr/share/texlive/texmf-dist/tex/generic/ifxetex/ifxetex.sty
Package: ifxetex 2010/09/12 v0.6 Provides ifxetex conditional
)
\Gm@cnth=\count93
\Gm@cntv=\count94
\c@Gm@tempcnt=\count95
\Gm@bindingoffset=\dimen108
\Gm@wd@mp=\dimen109
\Gm@odd@mp=\dimen110
\Gm@even@mp=\dimen111
\Gm@layoutwidth=\dimen112
\Gm@layoutheight=\dimen113
\Gm@layouthoffset=\dimen114
\Gm@layoutvoffset=\dimen115
\Gm@dimlist=\toks17
)
(/usr/share/texlive/texmf-dist/tex/latex/caption/subcaption.sty
Package: subcaption 2013/02/03 v1.1-62 Sub-captions (AR)

(/usr/share/texlive/texmf-dist/tex/latex/caption/caption.sty
Package: caption 2013/05/02 v3.3-89 Customizing captions (AR)

(/usr/share/texlive/texmf-dist/tex/latex/caption/caption3.sty
Package: caption3 2013/05/02 v1.6-88 caption3 kernel (AR)
Package caption3 Info: TeX engine: e-TeX on input line 57.
\captionmargin=\dimen116
\captionmargin@=\dimen117
\captionwidth=\dimen118
\caption@tempdima=\dimen119
\caption@indent=\dimen120
\caption@parindent=\dimen121
\caption@hangindent=\dimen122
)
\c@ContinuedFloat=\count96
)
\c@subfigure=\count97
\c@subtable=\count98
)
(/usr/share/texlive/texmf-dist/tex/latex/morefloats/morefloats.sty
Package: morefloats 2012/01/28 v1.0f Raise limit of unprocessed floats (HMM; DH
)

(/usr/share/texlive/texmf-dist/tex/latex/oberdiek/kvoptions.sty
Package: kvoptions 2011/06/30 v3.11 Key value format for package options (HO)

(/usr/share/texlive/texmf-dist/tex/generic/oberdiek/kvsetkeys.sty
Package: kvsetkeys 2012/04/25 v1.16 Key value parser (HO)

(/usr/share/texlive/texmf-dist/tex/generic/oberdiek/etexcmds.sty
Package: etexcmds 2011/02/16 v1.5 Avoid name clashes with e-TeX commands (HO)

(/usr/share/texlive/texmf-dist/tex/generic/oberdiek/ifluatex.sty
Package: ifluatex 2010/03/01 v1.3 Provides the ifluatex switch (HO)
Package ifluatex Info: LuaTeX not detected.
)
Package etexcmds Info: Could not find \expanded.
(etexcmds)             That can mean that you are not using pdfTeX 1.50 or
(etexcmds)             that some package has redefined \expanded.
(etexcmds)             In the latter case, load this package earlier.
)))
Package morefloats Info: Maximum number of possible floats asked for: 36.
(morefloats)             LaTeX might run out of memory before this
(morefloats)             (in which case it will notify you).
(morefloats)              on input line 171.
\bx@S=\insert233
\bx@T=\insert232
\bx@U=\insert231
\bx@V=\insert230
\bx@W=\insert229
\bx@X=\insert228
\bx@Y=\insert227
\bx@Z=\insert226
\bx@AA=\insert225
\bx@AB=\insert224
\bx@AC=\insert223
\bx@AD=\insert222
\bx@AE=\insert221
\bx@AF=\insert220
\bx@AG=\insert219
\bx@AH=\insert218
\bx@AI=\insert217
\bx@AJ=\insert216
)
(build/rapport.aux

LaTeX Warning: Label `3-moindres-carres-ordinaires' multiply defined.


LaTeX Warning: Label `5-contours' multiply defined.


LaTeX Warning: Label `5-T-grand' multiply defined.


LaTeX Warning: Label `6-naif' multiply defined.

)
\openout1 = `rapport.aux'.

LaTeX Font Info:    Checking defaults for OML/cmm/m/it on input line 14.
LaTeX Font Info:    ... okay on input line 14.
LaTeX Font Info:    Checking defaults for T1/cmr/m/n on input line 14.
LaTeX Font Info:    ... okay on input line 14.
LaTeX Font Info:    Checking defaults for OT1/cmr/m/n on input line 14.
LaTeX Font Info:    ... okay on input line 14.
LaTeX Font Info:    Checking defaults for OMS/cmsy/m/n on input line 14.
LaTeX Font Info:    ... okay on input line 14.
LaTeX Font Info:    Checking defaults for OMX/cmex/m/n on input line 14.
LaTeX Font Info:    ... okay on input line 14.
LaTeX Font Info:    Checking defaults for U/cmr/m/n on input line 14.
LaTeX Font Info:    ... okay on input line 14.
LaTeX Font Info:    Try loading font information for T1+lmr on input line 14.
 (/usr/share/texmf/tex/latex/lm/t1lmr.fd
File: t1lmr.fd 2009/10/30 v1.6 Font defs for Latin Modern
)
LaTeX Info: Redefining \degres on input line 14.
LaTeX Info: Redefining \dots on input line 14.
LaTeX Info: Redefining \up on input line 14.

(/usr/share/texlive/texmf-dist/tex/context/base/supp-pdf.mkii
[Loading MPS to PDF converter (version 2006.09.02).]
\scratchcounter=\count99
\scratchdimen=\dimen123
\scratchbox=\box26
\nofMPsegments=\count100
\nofMParguments=\count101
\everyMPshowfont=\toks18
\MPscratchCnt=\count102
\MPscratchDim=\dimen124
\MPnumerator=\count103
\makeMPintoPDFobject=\count104
\everyMPtoPDFconversion=\toks19
) (/usr/share/texlive/texmf-dist/tex/generic/oberdiek/pdftexcmds.sty
Package: pdftexcmds 2011/11/29 v0.20 Utility functions of pdfTeX for LuaTeX (HO
)
Package pdftexcmds Info: LuaTeX not detected.
Package pdftexcmds Info: \pdf@primitive is available.
Package pdftexcmds Info: \pdf@ifprimitive is available.
Package pdftexcmds Info: \pdfdraftmode found.
)
(/usr/share/texlive/texmf-dist/tex/latex/oberdiek/epstopdf-base.sty
Package: epstopdf-base 2010/02/09 v2.5 Base part for package epstopdf

(/usr/share/texlive/texmf-dist/tex/latex/oberdiek/grfext.sty
Package: grfext 2010/08/19 v1.1 Manage graphics extensions (HO)

(/usr/share/texlive/texmf-dist/tex/generic/oberdiek/kvdefinekeys.sty
Package: kvdefinekeys 2011/04/07 v1.3 Define keys (HO)
))
Package grfext Info: Graphics extension search list:
(grfext)             [.png,.pdf,.jpg,.mps,.jpeg,.jbig2,.jb2,.PNG,.PDF,.JPG,.JPE
G,.JBIG2,.JB2,.eps]
(grfext)             \AppendGraphicsExtensions on input line 452.

(/usr/share/texlive/texmf-dist/tex/latex/latexconfig/epstopdf-sys.cfg
File: epstopdf-sys.cfg 2010/07/13 v1.3 Configuration of (r)epstopdf for TeX Liv
e
))
*geometry* driver: auto-detecting
*geometry* detected driver: pdftex
*geometry* verbose mode - [ preamble ] result:
* driver: pdftex
* paper: <default>
* layout: <same size as paper>
* layoutoffset:(h,v)=(0.0pt,0.0pt)
* modes: 
* h-part:(L,W,R)=(56.9055pt, 500.484pt, 56.9055pt)
* v-part:(T,H,B)=(56.9055pt, 681.15898pt, 56.9055pt)
* \paperwidth=614.295pt
* \paperheight=794.96999pt
* \textwidth=500.484pt
* \textheight=681.15898pt
* \oddsidemargin=-15.36449pt
* \evensidemargin=-15.36449pt
* \topmargin=-52.36449pt
* \headheight=12.0pt
* \headsep=25.0pt
* \topskip=10.0pt
* \footskip=30.0pt
* \marginparwidth=65.0pt
* \marginparsep=11.0pt
* \columnsep=10.0pt
* \skip\footins=9.0pt plus 4.0pt minus 2.0pt
* \hoffset=0.0pt
* \voffset=0.0pt
* \mag=1000
* \@twocolumnfalse
* \@twosidefalse
* \@mparswitchfalse
* \@reversemarginfalse
* (1in=72.27pt=25.4mm, 1cm=28.453pt)

Package caption Info: Begin \AtBeginDocument code.
Package caption Info: End \AtBeginDocument code.
LaTeX Font Info:    Try loading font information for OT1+lmr on input line 16.
(/usr/share/texmf/tex/latex/lm/ot1lmr.fd
File: ot1lmr.fd 2009/10/30 v1.6 Font defs for Latin Modern
)
LaTeX Font Info:    Try loading font information for OML+lmm on input line 16.

(/usr/share/texmf/tex/latex/lm/omllmm.fd
File: omllmm.fd 2009/10/30 v1.6 Font defs for Latin Modern
)
LaTeX Font Info:    Try loading font information for OMS+lmsy on input line 16.


(/usr/share/texmf/tex/latex/lm/omslmsy.fd
File: omslmsy.fd 2009/10/30 v1.6 Font defs for Latin Modern
)
LaTeX Font Info:    Try loading font information for OMX+lmex on input line 16.


(/usr/share/texmf/tex/latex/lm/omxlmex.fd
File: omxlmex.fd 2009/10/30 v1.6 Font defs for Latin Modern
)
LaTeX Font Info:    External font `lmex10' loaded for size
(Font)              <12> on input line 16.
LaTeX Font Info:    External font `lmex10' loaded for size
(Font)              <8> on input line 16.
LaTeX Font Info:    External font `lmex10' loaded for size
(Font)              <6> on input line 16.
 [1

{/var/lib/texmf/fonts/map/pdftex/updmap/pdftex.map}] (build/rapport.toc
LaTeX Font Info:    External font `lmex10' loaded for size
(Font)              <10> on input line 4.
LaTeX Font Info:    External font `lmex10' loaded for size
(Font)              <7> on input line 4.
LaTeX Font Info:    External font `lmex10' loaded for size
(Font)              <5> on input line 4.
 [2

])
\tf@toc=\write3
\openout3 = `rapport.toc'.

 [3]
<images/1-autumn_rgb.png, id=19, 344.78813pt x 303.38344pt>
File: images/1-autumn_rgb.png Graphic file (type png)

<use images/1-autumn_rgb.png>
Package pdftex.def Info: images/1-autumn_rgb.png used on input line 40.
(pdftex.def)             Requested size: 225.21626pt x 198.17366pt.

<images/1-autumn_b.png, id=20, 421.575pt x 316.18124pt>
File: images/1-autumn_b.png Graphic file (type png)

<use images/1-autumn_b.png>
Package pdftex.def Info: images/1-autumn_b.png used on input line 46.
(pdftex.def)             Requested size: 225.21626pt x 168.91647pt.

<images/1-gantrycrane_b.png, id=21, 421.575pt x 316.18124pt>
File: images/1-gantrycrane_b.png Graphic file (type png)

<use images/1-gantrycrane_b.png>
Package pdftex.def Info: images/1-gantrycrane_b.png used on input line 75.
(pdftex.def)             Requested size: 300.29344pt x 225.22357pt.
 [4

 <./images/1-autumn_rgb.png (PNG copy)> <./images/1-autumn_b.png (PNG copy)>]
<images/1-gantrycrane_c1.png, id=27, 421.575pt x 316.18124pt>
File: images/1-gantrycrane_c1.png Graphic file (type png)

<use images/1-gantrycrane_c1.png>
Package pdftex.def Info: images/1-gantrycrane_c1.png used on input line 88.
(pdftex.def)             Requested size: 160.15854pt x 120.12117pt.

<images/1-gantrycrane_c2.png, id=28, 421.575pt x 316.18124pt>
File: images/1-gantrycrane_c2.png Graphic file (type png)

<use images/1-gantrycrane_c2.png>
Package pdftex.def Info: images/1-gantrycrane_c2.png used on input line 93.
(pdftex.def)             Requested size: 160.15854pt x 120.12117pt.

<images/1-gantrycrane_c3.png, id=29, 421.575pt x 316.18124pt>
File: images/1-gantrycrane_c3.png Graphic file (type png)

<use images/1-gantrycrane_c3.png>
Package pdftex.def Info: images/1-gantrycrane_c3.png used on input line 98.
(pdftex.def)             Requested size: 160.15854pt x 120.12117pt.
 [5 <./images/1-gantrycrane_b.png (PNG copy)> <./images/1-gantrycrane_c1.png (P
NG copy)> <./images/1-gantrycrane_c2.png (PNG copy)> <./images/1-gantrycrane_c3
.png (PNG copy)>]
<images/1-uniform.png, id=33, 640.64343pt x 462.22687pt>
File: images/1-uniform.png Graphic file (type png)

<use images/1-uniform.png>
Package pdftex.def Info: images/1-uniform.png used on input line 120.
(pdftex.def)             Requested size: 225.21626pt x 162.49417pt.

<images/1-rgb2gray.png, id=34, 450.18187pt x 264.23718pt>
File: images/1-rgb2gray.png Graphic file (type png)

<use images/1-rgb2gray.png>
Package pdftex.def Info: images/1-rgb2gray.png used on input line 126.
(pdftex.def)             Requested size: 225.21626pt x 132.19083pt.
 [6 <./images/1-uniform.png (PNG copy)> <./images/1-rgb2gray.png (PNG copy)>]
<images/2-acp_faces.png, id=39, 968.86969pt x 727.21687pt>
File: images/2-acp_faces.png Graphic file (type png)

<use images/2-acp_faces.png>
Package pdftex.def Info: images/2-acp_faces.png used on input line 145.
(pdftex.def)             Requested size: 450.43253pt x 338.08577pt.

<images/2-proj6.png, id=40, 968.86969pt x 727.21687pt>
File: images/2-proj6.png Graphic file (type png)

<use images/2-proj6.png>
Package pdftex.def Info: images/2-proj6.png used on input line 156.
(pdftex.def)             Requested size: 450.43253pt x 338.08577pt.
 [7

 <./images/2-acp_faces.png (PNG copy)>]
<images/2-rmse.png, id=45, 477.28313pt x 433.62pt>
File: images/2-rmse.png Graphic file (type png)
 <use images/2-rmse.png>
Package pdftex.def Info: images/2-rmse.png used on input line 167.
(pdftex.def)             Requested size: 300.29344pt x 272.81813pt.

<images/2-bande_5.png, id=46, 974.89218pt x 727.21687pt>
File: images/2-bande_5.png Graphic file (type png)

<use images/2-bande_5.png>
Package pdftex.def Info: images/2-bande_5.png used on input line 179.
(pdftex.def)             Requested size: 350.33727pt x 261.33182pt.

<images/2-bande_30.png, id=47, 974.89218pt x 727.21687pt>
File: images/2-bande_30.png Graphic file (type png)

<use images/2-bande_30.png>
Package pdftex.def Info: images/2-bande_30.png used on input line 184.
(pdftex.def)             Requested size: 350.33727pt x 261.33182pt.
 [8 <./images/2-proj6.png (PNG copy)>] [9 <./images/2-rmse.png (PNG copy)>] [10
 <./images/2-bande_5.png (PNG copy)> <./images/2-bande_30.png (PNG copy)>] [11

]
<images/4-hasard_ok.png, id=60, 478.03593pt x 433.62pt>
File: images/4-hasard_ok.png Graphic file (type png)

<use images/4-hasard_ok.png>
Package pdftex.def Info: images/4-hasard_ok.png used on input line 204.
(pdftex.def)             Requested size: 245.2399pt x 222.45334pt.

<images/4-hasard_error.png, id=61, 478.03593pt x 433.62pt>
File: images/4-hasard_error.png Graphic file (type png)

<use images/4-hasard_error.png>
Package pdftex.def Info: images/4-hasard_error.png used on input line 209.
(pdftex.def)             Requested size: 245.2399pt x 222.45334pt.

<images/4-mco_1.png, id=62, 478.03593pt x 433.62pt>
File: images/4-mco_1.png Graphic file (type png)
 <use images/4-mco_1.png>
Package pdftex.def Info: images/4-mco_1.png used on input line 227.
(pdftex.def)             Requested size: 245.2399pt x 222.45334pt.

<images/4-mco_2.png, id=63, 478.03593pt x 433.62pt>
File: images/4-mco_2.png Graphic file (type png)
 <use images/4-mco_2.png>
Package pdftex.def Info: images/4-mco_2.png used on input line 232.
(pdftex.def)             Requested size: 245.2399pt x 222.45334pt.


LaTeX Warning: Reference `3-moindres-carres-totaux' on page 12 undefined on inp
ut line 244.

File: images/4-mco_1.png Graphic file (type png)
<use images/4-mco_1.png>
Package pdftex.def Info: images/4-mco_1.png used on input line 249.
(pdftex.def)             Requested size: 245.2399pt x 222.45334pt.
File: images/4-mco_2.png Graphic file (type png)
 <use images/4-mco_2.png>
Package pdftex.def Info: images/4-mco_2.png used on input line 254.
(pdftex.def)             Requested size: 245.2399pt x 222.45334pt.
 [12

 <./images/4-hasard_ok.png (PNG copy)> <./images/4-hasard_error.png (PNG copy)>
] [13 <./images/4-mco_1.png (PNG copy)> <./images/4-mco_2.png (PNG copy)>]
<images/5-original.png, id=74, 389.20406pt x 248.42813pt>
File: images/5-original.png Graphic file (type png)

<use images/5-original.png>
Package pdftex.def Info: images/5-original.png used on input line 283.
(pdftex.def)             Requested size: 245.2399pt x 156.54086pt.

<images/5-contours.png, id=75, 389.20406pt x 248.42813pt>
File: images/5-contours.png Graphic file (type png)

<use images/5-contours.png>
Package pdftex.def Info: images/5-contours.png used on input line 288.
(pdftex.def)             Requested size: 245.2399pt x 156.54086pt.


Package caption Warning: \label without proper \caption on input line 299.
See the caption package documentation for explanation.


LaTeX Warning: Reference `5-C' on page 14 undefined on input line 295.

<images/5-C.png, id=76, 722.7pt x 406.51875pt>
File: images/5-C.png Graphic file (type png)
 <use images/5-C.png>
Package pdftex.def Info: images/5-C.png used on input line 298.
(pdftex.def)             Requested size: 350.33727pt x 197.0621pt.


LaTeX Warning: Reference `5-lignes' on page 14 undefined on input line 305.

<images/5-C_lines.png, id=77, 722.7pt x 406.51875pt>
File: images/5-C_lines.png Graphic file (type png)

<use images/5-C_lines.png>
Package pdftex.def Info: images/5-C_lines.png used on input line 310.
(pdftex.def)             Requested size: 245.2399pt x 137.94781pt.

<images/5-lines.png, id=78, 389.95688pt x 249.18094pt>
File: images/5-lines.png Graphic file (type png)

<use images/5-lines.png>
Package pdftex.def Info: images/5-lines.png used on input line 315.
(pdftex.def)             Requested size: 245.2399pt x 156.70724pt.
 <images/5-C_Tpetit.png, id=79, 722.7pt x 406.51875pt>
File: images/5-C_Tpetit.png Graphic file (type png)

<use images/5-C_Tpetit.png>
Package pdftex.def Info: images/5-C_Tpetit.png used on input line 327.
(pdftex.def)             Requested size: 245.2399pt x 137.94781pt.

<images/5-lines_Tpetit.png, id=80, 389.95688pt x 249.18094pt>
File: images/5-lines_Tpetit.png Graphic file (type png)

<use images/5-lines_Tpetit.png>
Package pdftex.def Info: images/5-lines_Tpetit.png used on input line 332.
(pdftex.def)             Requested size: 245.2399pt x 156.70724pt.

<images/5-C_Tgrand.png, id=81, 722.7pt x 406.51875pt>
File: images/5-C_Tgrand.png Graphic file (type png)

<use images/5-C_Tgrand.png>
Package pdftex.def Info: images/5-C_Tgrand.png used on input line 341.
(pdftex.def)             Requested size: 245.2399pt x 137.94781pt.

<images/5-lines_Tgrand.png, id=82, 389.95688pt x 249.93375pt>
File: images/5-lines_Tgrand.png Graphic file (type png)

<use images/5-lines_Tgrand.png>
Package pdftex.def Info: images/5-lines_Tgrand.png used on input line 346.
(pdftex.def)             Requested size: 245.2399pt x 157.1807pt.
 [14 <./images/5-original.png (PNG copy)> <./images/5-contours.png (PNG copy)>]


LaTeX Warning: Reference `5-repartition' on page 15 undefined on input line 361
.

<images/5-C_repartition.png, id=86, 722.7pt x 406.51875pt>
File: images/5-C_repartition.png Graphic file (type png)

<use images/5-C_repartition.png>
Package pdftex.def Info: images/5-C_repartition.png used on input line 366.
(pdftex.def)             Requested size: 245.2399pt x 137.94781pt.

<images/5-lines_repartition.png, id=87, 389.20406pt x 249.18094pt>
File: images/5-lines_repartition.png Graphic file (type png)

<use images/5-lines_repartition.png>
Package pdftex.def Info: images/5-lines_repartition.png used on input line 371.

(pdftex.def)             Requested size: 245.2399pt x 157.01523pt.
 [15 <./images/5-C.png (PNG copy)> <./images/5-C_lines.png (PNG copy)> <./image
s/5-lines.png (PNG copy)>]
<images/5-houle.png, id=92, 1443.89438pt x 727.21687pt>
File: images/5-houle.png Graphic file (type png)

<use images/5-houle.png>
Package pdftex.def Info: images/5-houle.png used on input line 381.
(pdftex.def)             Requested size: 500.484pt x 252.0663pt.
 [16 <./images/5-C_Tpetit.png (PNG copy)> <./images/5-lines_Tpetit.png (PNG cop
y)> <./images/5-C_Tgrand.png (PNG copy)> <./images/5-lines_Tgrand.png (PNG copy
)> <./images/5-C_repartition.png (PNG copy)> <./images/5-lines_repartition.png 
(PNG copy)>] [17 <./images/5-houle.png (PNG copy)>]
<images/6-naif.png, id=99, 1445.4pt x 724.95844pt>
File: images/6-naif.png Graphic file (type png)
 <use images/6-naif.png>
Package pdftex.def Info: images/6-naif.png used on input line 398.
(pdftex.def)             Requested size: 500.484pt x 251.018pt.

<images/6-markov.png, id=100, 1445.4pt x 724.95844pt>
File: images/6-markov.png Graphic file (type png)

<use images/6-markov.png>
Package pdftex.def Info: images/6-markov.png used on input line 410.
(pdftex.def)             Requested size: 500.484pt x 251.018pt.
 [18

 <./images/6-naif.png (PNG copy)>]

LaTeX Warning: Reference `6-marque' on page 19 undefined on input line 426.

<images/6-best.png, id=104, 1445.4pt x 724.95844pt>
File: images/6-best.png Graphic file (type png)
 <use images/6-best.png>
Package pdftex.def Info: images/6-best.png used on input line 429.
(pdftex.def)             Requested size: 500.484pt x 251.018pt.

[19 <./images/6-markov.png (PNG copy)>]
<images/7-pieces.png, id=110, 421.575pt x 316.18124pt>
File: images/7-pieces.png Graphic file (type png)

<use images/7-pieces.png>
Package pdftex.def Info: images/7-pieces.png used on input line 451.
(pdftex.def)             Requested size: 245.2399pt x 183.93042pt.

<images/7-champ_forces_externe.png, id=111, 421.575pt x 316.18124pt>
File: images/7-champ_forces_externe.png Graphic file (type png)

<use images/7-champ_forces_externe.png>
Package pdftex.def Info: images/7-champ_forces_externe.png used on input line 4
57.
(pdftex.def)             Requested size: 245.2399pt x 183.93042pt.


LaTeX Warning: Reference `7-gaussien' on page 20 undefined on input line 465.

[20 <./images/6-best.png (PNG copy)> <./images/7-pieces.png (PNG copy)> <./imag
es/7-champ_forces_externe.png (PNG copy)>]
<images/7-energie_externe.png, id=115, 421.575pt x 316.18124pt>
File: images/7-energie_externe.png Graphic file (type png)

<use images/7-energie_externe.png>
Package pdftex.def Info: images/7-energie_externe.png used on input line 468.
(pdftex.def)             Requested size: 500.484pt x 375.37263pt.


LaTeX Warning: Reference `7-coins' on page 21 undefined on input line 477.

<images/1/1-1-autumn_b.png, id=116, 421.575pt x 316.18124pt>
File: images/1/1-1-autumn_b.png Graphic file (type png)

<use images/1/1-1-autumn_b.png>
Package pdftex.def Info: images/1/1-1-autumn_b.png used on input line 480.
(pdftex.def)             Requested size: 500.484pt x 375.37263pt.


LaTeX Warning: Reference `7-IRM' on page 21 undefined on input line 485.

File: images/1/1-1-autumn_b.png Graphic file (type png)
<use images/1/1-1-autumn_b.png>
Package pdftex.def Info: images/1/1-1-autumn_b.png used on input line 488.
(pdftex.def)             Requested size: 500.484pt x 375.37263pt.


LaTeX Warning: Reference `7-diffusion' on page 21 undefined on input line 494.

File: images/1/1-1-autumn_b.png Graphic file (type png)
<use images/1/1-1-autumn_b.png>
Package pdftex.def Info: images/1/1-1-autumn_b.png used on input line 497.
(pdftex.def)             Requested size: 500.484pt x 375.37263pt.
 [21 <./images/7-energie_externe.png (PNG copy)>] [22 <./images/1/1-1-autumn_b.
png (PNG copy)>]

LaTeX Warning: Reference `8-tikhonov' on page 23 undefined on input line 513.

File: images/1/1-1-autumn_b.png Graphic file (type png)
<use images/1/1-1-autumn_b.png>
Package pdftex.def Info: images/1/1-1-autumn_b.png used on input line 516.
(pdftex.def)             Requested size: 500.484pt x 375.37263pt.


LaTeX Warning: Reference `8-variation-totale' on page 23 undefined on input lin
e 524.

File: images/1/1-1-autumn_b.png Graphic file (type png)
<use images/1/1-1-autumn_b.png>
Package pdftex.def Info: images/1/1-1-autumn_b.png used on input line 527.
(pdftex.def)             Requested size: 500.484pt x 375.37263pt.


LaTeX Warning: Reference `8-lena' on page 23 undefined on input line 532.

File: images/1/1-1-autumn_b.png Graphic file (type png)
<use images/1/1-1-autumn_b.png>
Package pdftex.def Info: images/1/1-1-autumn_b.png used on input line 535.
(pdftex.def)             Requested size: 500.484pt x 375.37263pt.


LaTeX Warning: Reference `8-inpainting' on page 23 undefined on input line 541.


File: images/1/1-1-autumn_b.png Graphic file (type png)
<use images/1/1-1-autumn_b.png>
Package pdftex.def Info: images/1/1-1-autumn_b.png used on input line 544.
(pdftex.def)             Requested size: 500.484pt x 375.37263pt.


LaTeX Warning: Reference `8-grenouille' on page 23 undefined on input line 549.


[23]

LaTeX Warning: Reference `9-naive' on page 24 undefined on input line 556.

File: images/1/1-1-autumn_b.png Graphic file (type png)
<use images/1/1-1-autumn_b.png>
Package pdftex.def Info: images/1/1-1-autumn_b.png used on input line 559.
(pdftex.def)             Requested size: 500.484pt x 375.37263pt.


LaTeX Warning: Reference `9-neumann' on page 24 undefined on input line 564.

File: images/1/1-1-autumn_b.png Graphic file (type png)
<use images/1/1-1-autumn_b.png>
Package pdftex.def Info: images/1/1-1-autumn_b.png used on input line 567.
(pdftex.def)             Requested size: 500.484pt x 375.37263pt.


LaTeX Warning: Reference `9-dirichlet' on page 24 undefined on input line 574.

[24]

LaTeX Warning: Reference `10-decomposition' on page 25 undefined on input line 
581.

File: images/1/1-1-autumn_b.png Graphic file (type png)
<use images/1/1-1-autumn_b.png>
Package pdftex.def Info: images/1/1-1-autumn_b.png used on input line 584.
(pdftex.def)             Requested size: 500.484pt x 375.37263pt.


LaTeX Warning: Reference `10-filtrage' on page 25 undefined on input line 591.

[25]
File: images/1/1-1-autumn_b.png Graphic file (type png)
 <use images/1/1-1-autumn_b.png>
Package pdftex.def Info: images/1/1-1-autumn_b.png used on input line 594.
(pdftex.def)             Requested size: 500.484pt x 375.37263pt.


LaTeX Warning: Reference `10-empreinte' on page 26 undefined on input line 599.


File: images/1/1-1-autumn_b.png Graphic file (type png)
<use images/1/1-1-autumn_b.png>
Package pdftex.def Info: images/1/1-1-autumn_b.png used on input line 602.
(pdftex.def)             Requested size: 500.484pt x 375.37263pt.


LaTeX Warning: Reference `10-hilbert' on page 26 undefined on input line 609.

File: images/1/1-1-autumn_b.png Graphic file (type png)
<use images/1/1-1-autumn_b.png>
Package pdftex.def Info: images/1/1-1-autumn_b.png used on input line 612.
(pdftex.def)             Requested size: 500.484pt x 375.37263pt.
 [26]

LaTeX Warning: Reference `11-gabor' on page 27 undefined on input line 624.

File: images/1/1-1-autumn_b.png Graphic file (type png)
<use images/1/1-1-autumn_b.png>
Package pdftex.def Info: images/1/1-1-autumn_b.png used on input line 627.
(pdftex.def)             Requested size: 500.484pt x 375.37263pt.


LaTeX Warning: Reference `11-sonagramme' on page 27 undefined on input line 636
.


LaTeX Warning: Reference `11-partition' on page 27 undefined on input line 642.


[27]
File: images/1/1-1-autumn_b.png Graphic file (type png)
 <use images/1/1-1-autumn_b.png>
Package pdftex.def Info: images/1/1-1-autumn_b.png used on input line 645.
(pdftex.def)             Requested size: 500.484pt x 375.37263pt.


LaTeX Warning: Reference `12-007' on page 28 undefined on input line 667.

[28]

LaTeX Warning: Reference `12-euclidienne' on page 29 undefined on input line 68
7.

[29]

LaTeX Warning: Reference `12-distance' on page 30 undefined on input line 716.

[30] [31] [32] [33] [34] [35] [36] (build/rapport.aux)

LaTeX Warning: There were undefined references.


LaTeX Warning: There were multiply-defined labels.

 ) 
Here is how much of TeX's memory you used:
 4940 strings out of 494950
 75023 string characters out of 6179040
 141175 words of memory out of 5000000
 8043 multiletter control sequences out of 15000+600000
 74339 words of font info for 48 fonts, out of 8000000 for 9000
 36 hyphenation exceptions out of 8191
 42i,8n,40p,974b,490s stack positions out of 5000i,500n,10000p,200000b,80000s
{/usr/share/texmf/fonts/enc/dvips/lm/lm-rm.enc}{/usr/share/texmf/fonts/enc/dv
ips/lm/lm-mathit.enc}{/usr/share/texmf/fonts/enc/dvips/lm/lm-mathsy.enc}{/usr/s
hare/texmf/fonts/enc/dvips/lm/lm-ec.enc}</usr/share/texmf/fonts/type1/public/lm
/lmbx10.pfb></usr/share/texmf/fonts/type1/public/lm/lmbx12.pfb></usr/share/texm
f/fonts/type1/public/lm/lmbxi10.pfb></usr/share/texmf/fonts/type1/public/lm/lmc
sc10.pfb></usr/share/texmf/fonts/type1/public/lm/lmmi10.pfb></usr/share/texmf/f
onts/type1/public/lm/lmmi7.pfb></usr/share/texmf/fonts/type1/public/lm/lmr10.pf
b></usr/share/texmf/fonts/type1/public/lm/lmr12.pfb></usr/share/texmf/fonts/typ
e1/public/lm/lmr17.pfb></usr/share/texmf/fonts/type1/public/lm/lmr7.pfb></usr/s
hare/texmf/fonts/type1/public/lm/lmr9.pfb></usr/share/texmf/fonts/type1/public/
lm/lmri10.pfb></usr/share/texmf/fonts/type1/public/lm/lmri9.pfb></usr/share/tex
mf/fonts/type1/public/lm/lmsy10.pfb>
Output written on build/rapport.pdf (36 pages, 4841131 bytes).
PDF statistics:
 218 PDF objects out of 1000 (max. 8388607)
 128 compressed objects within 2 object streams
 0 named destinations out of 1000 (max. 500000)
 181 words of extra memory for PDF output out of 10000 (max. 10000000)

